# JRE version: OpenJDK Runtime Environment (8.0_242-b01) (build 1.8.0_242-release-1644-b01)
# Java VM: OpenJDK 64-Bit Server VM (25.242-b01 mixed mode windows-amd64 compressed oops)
Heap:
 PSYoungGen      total 591360K, used 305943K [0x00000000d5580000, 0x00000000ff300000, 0x0000000100000000)
  eden space 501248K, 56% used [0x00000000d5580000,0x00000000e6b844b0,0x00000000f3f00000)
  from space 90112K, 23% used [0x00000000f9b00000,0x00000000fafc1850,0x00000000ff300000)
  to   space 92160K, 0% used [0x00000000f3f00000,0x00000000f3f00000,0x00000000f9900000)
 ParOldGen       total 456192K, used 377891K [0x0000000080000000, 0x000000009bd80000, 0x00000000d5580000)
  object space 456192K, 82% used [0x0000000080000000,0x0000000097108f60,0x000000009bd80000)
 Metaspace       used 227257K, capacity 242988K, committed 243224K, reserved 1261568K
  class space    used 28767K, capacity 31740K, committed 31792K, reserved 1048576K
GC Heap History (10 events):
Event: 51632.951 GC heap before
{Heap before GC invocations=220 (full 20):
 PSYoungGen      total 570880K, used 473074K [0x00000000d5580000, 0x00000000ff800000, 0x0000000100000000)
  eden space 451072K, 100% used [0x00000000d5580000,0x00000000f0e00000,0x00000000f0e00000)
  from space 119808K, 18% used [0x00000000f0e00000,0x00000000f237c990,0x00000000f8300000)
  to   space 114688K, 0% used [0x00000000f8800000,0x00000000f8800000,0x00000000ff800000)
 ParOldGen       total 456192K, used 317752K [0x0000000080000000, 0x000000009bd80000, 0x00000000d5580000)
  object space 456192K, 69% used [0x0000000080000000,0x000000009364e088,0x000000009bd80000)
 Metaspace       used 227194K, capacity 242976K, committed 243224K, reserved 1261568K
  class space    used 28765K, capacity 31740K, committed 31792K, reserved 1048576K
Event: 51635.084 GC heap after
Heap after GC invocations=220 (full 20):
 PSYoungGen      total 572928K, used 21055K [0x00000000d5580000, 0x00000000ff200000, 0x0000000100000000)
  eden space 464384K, 0% used [0x00000000d5580000,0x00000000d5580000,0x00000000f1b00000)
  from space 108544K, 19% used [0x00000000f8800000,0x00000000f9c8fe50,0x00000000ff200000)
  to   space 110080K, 0% used [0x00000000f1b00000,0x00000000f1b00000,0x00000000f8680000)
 ParOldGen       total 456192K, used 330350K [0x0000000080000000, 0x000000009bd80000, 0x00000000d5580000)
  object space 456192K, 72% used [0x0000000080000000,0x000000009429bb00,0x000000009bd80000)
 Metaspace       used 227194K, capacity 242976K, committed 243224K, reserved 1261568K
  class space    used 28765K, capacity 31740K, committed 31792K, reserved 1048576K
}
Event: 51647.046 GC heap before
{Heap before GC invocations=221 (full 20):
 PSYoungGen      total 572928K, used 485439K [0x00000000d5580000, 0x00000000ff200000, 0x0000000100000000)
  eden space 464384K, 100% used [0x00000000d5580000,0x00000000f1b00000,0x00000000f1b00000)
  from space 108544K, 19% used [0x00000000f8800000,0x00000000f9c8fe50,0x00000000ff200000)
  to   space 110080K, 0% used [0x00000000f1b00000,0x00000000f1b00000,0x00000000f8680000)
 ParOldGen       total 456192K, used 330350K [0x0000000080000000, 0x000000009bd80000, 0x00000000d5580000)
  object space 456192K, 72% used [0x0000000080000000,0x000000009429bb00,0x000000009bd80000)
 Metaspace       used 227206K, capacity 242980K, committed 243224K, reserved 1261568K
  class space    used 28765K, capacity 31740K, committed 31792K, reserved 1048576K
Event: 51648.438 GC heap after
Heap after GC invocations=221 (full 20):
 PSYoungGen      total 574464K, used 23704K [0x00000000d5580000, 0x00000000ff680000, 0x0000000100000000)
  eden space 464384K, 0% used [0x00000000d5580000,0x00000000d5580000,0x00000000f1b00000)
  from space 110080K, 21% used [0x00000000f1b00000,0x00000000f3226288,0x00000000f8680000)
  to   space 104448K, 0% used [0x00000000f9080000,0x00000000f9080000,0x00000000ff680000)
 ParOldGen       total 456192K, used 343326K [0x0000000080000000, 0x000000009bd80000, 0x00000000d5580000)
  object space 456192K, 75% used [0x0000000080000000,0x0000000094f47be0,0x000000009bd80000)
 Metaspace       used 227206K, capacity 242980K, committed 243224K, reserved 1261568K
  class space    used 28765K, capacity 31740K, committed 31792K, reserved 1048576K
}
Event: 51663.887 GC heap before
{Heap before GC invocations=222 (full 20):
 PSYoungGen      total 574464K, used 488088K [0x00000000d5580000, 0x00000000ff680000, 0x0000000100000000)
  eden space 464384K, 100% used [0x00000000d5580000,0x00000000f1b00000,0x00000000f1b00000)
  from space 110080K, 21% used [0x00000000f1b00000,0x00000000f3226288,0x00000000f8680000)
  to   space 104448K, 0% used [0x00000000f9080000,0x00000000f9080000,0x00000000ff680000)
 ParOldGen       total 456192K, used 343326K [0x0000000080000000, 0x000000009bd80000, 0x00000000d5580000)
  object space 456192K, 75% used [0x0000000080000000,0x0000000094f47be0,0x000000009bd80000)
 Metaspace       used 227222K, capacity 242980K, committed 243224K, reserved 1261568K
  class space    used 28766K, capacity 31740K, committed 31792K, reserved 1048576K
Event: 51666.601 GC heap after
Heap after GC invocations=222 (full 20):
 PSYoungGen      total 584704K, used 16674K [0x00000000d5580000, 0x00000000ff280000, 0x0000000100000000)
  eden space 484352K, 0% used [0x00000000d5580000,0x00000000d5580000,0x00000000f2e80000)
  from space 100352K, 16% used [0x00000000f9080000,0x00000000fa0c8a28,0x00000000ff280000)
  to   space 100352K, 0% used [0x00000000f2e80000,0x00000000f2e80000,0x00000000f9080000)
 ParOldGen       total 456192K, used 360901K [0x0000000080000000, 0x000000009bd80000, 0x00000000d5580000)
  object space 456192K, 79% used [0x0000000080000000,0x00000000960714d8,0x000000009bd80000)
 Metaspace       used 227222K, capacity 242980K, committed 243224K, reserved 1261568K
  class space    used 28766K, capacity 31740K, committed 31792K, reserved 1048576K
}
Event: 51675.483 GC heap before
{Heap before GC invocations=223 (full 20):
 PSYoungGen      total 584704K, used 501026K [0x00000000d5580000, 0x00000000ff280000, 0x0000000100000000)
  eden space 484352K, 100% used [0x00000000d5580000,0x00000000f2e80000,0x00000000f2e80000)
  from space 100352K, 16% used [0x00000000f9080000,0x00000000fa0c8a28,0x00000000ff280000)
  to   space 100352K, 0% used [0x00000000f2e80000,0x00000000f2e80000,0x00000000f9080000)
 ParOldGen       total 456192K, used 360901K [0x0000000080000000, 0x000000009bd80000, 0x00000000d5580000)
  object space 456192K, 79% used [0x0000000080000000,0x00000000960714d8,0x000000009bd80000)
 Metaspace       used 227238K, capacity 242984K, committed 243224K, reserved 1261568K
  class space    used 28767K, capacity 31740K, committed 31792K, reserved 1048576K
Event: 51677.122 GC heap after
Heap after GC invocations=223 (full 20):
 PSYoungGen      total 584704K, used 12745K [0x00000000d5580000, 0x00000000ffa00000, 0x0000000100000000)
  eden space 484352K, 0% used [0x00000000d5580000,0x00000000d5580000,0x00000000f2e80000)
  from space 100352K, 12% used [0x00000000f2e80000,0x00000000f3af24e0,0x00000000f9080000)
  to   space 97280K, 0% used [0x00000000f9b00000,0x00000000f9b00000,0x00000000ffa00000)
 ParOldGen       total 456192K, used 368893K [0x0000000080000000, 0x000000009bd80000, 0x00000000d5580000)
  object space 456192K, 80% used [0x0000000080000000,0x000000009683f5c0,0x000000009bd80000)
 Metaspace       used 227238K, capacity 242984K, committed 243224K, reserved 1261568K
  class space    used 28767K, capacity 31740K, committed 31792K, reserved 1048576K
}
Event: 51694.329 GC heap before
{Heap before GC invocations=224 (full 20):
 PSYoungGen      total 584704K, used 497097K [0x00000000d5580000, 0x00000000ffa00000, 0x0000000100000000)
  eden space 484352K, 100% used [0x00000000d5580000,0x00000000f2e80000,0x00000000f2e80000)
  from space 100352K, 12% used [0x00000000f2e80000,0x00000000f3af24e0,0x00000000f9080000)
  to   space 97280K, 0% used [0x00000000f9b00000,0x00000000f9b00000,0x00000000ffa00000)
 ParOldGen       total 456192K, used 368893K [0x0000000080000000, 0x000000009bd80000, 0x00000000d5580000)
  object space 456192K, 80% used [0x0000000080000000,0x000000009683f5c0,0x000000009bd80000)
 Metaspace       used 227253K, capacity 242988K, committed 243224K, reserved 1261568K
  class space    used 28767K, capacity 31740K, committed 31792K, reserved 1048576K
Event: 51700.672 GC heap after
Heap after GC invocations=224 (full 20):
 PSYoungGen      total 591360K, used 21254K [0x00000000d5580000, 0x00000000ff300000, 0x0000000100000000)
  eden space 501248K, 0% used [0x00000000d5580000,0x00000000d5580000,0x00000000f3f00000)
  from space 90112K, 23% used [0x00000000f9b00000,0x00000000fafc1850,0x00000000ff300000)
  to   space 92160K, 0% used [0x00000000f3f00000,0x00000000f3f00000,0x00000000f9900000)
 ParOldGen       total 456192K, used 377891K [0x0000000080000000, 0x000000009bd80000, 0x00000000d5580000)
  object space 456192K, 82% used [0x0000000080000000,0x0000000097108f60,0x000000009bd80000)
 Metaspace       used 227253K, capacity 242988K, committed 243224K, reserved 1261568K
  class space    used 28767K, capacity 31740K, committed 31792K, reserved 1048576K
}

